<?xml version="1.0" encoding="UTF-8"?>
<!-- Generated by org.testng.reporters.JUnitReportReporter -->
<testsuite hostname="Pinky" failures="0" tests="1" name="orangehrm.testcases.AdminLoginwithValidInputs" time="12.886" errors="0" timestamp="06 Jan 2024 10:20:15 GMT" skipped="0">
  <testcase classname="orangehrm.testcases.AdminLoginwithValidInputs" name="checkAdminLogin" time="12.886"/>
</testsuite> <!-- orangehrm.testcases.AdminLoginwithValidInputs -->
